2026-03-17 08:56:31.579 [main] INFO  com.nomad.NomadApplication - Starting NomadApplication using Java 25.0.2 with PID 12972 (C:\Users\dmitry.herasimovich\Desktop\idf-onboarding-dmitry_herasimovich_chain_saq\build\classes\java\main started by dmitry.herasimovich in C:\Users\dmitry.herasimovich\Desktop\idf-onboarding-dmitry_herasimovich_chain_saq)
2026-03-17 08:56:31.583 [main] INFO  com.nomad.NomadApplication - No active profile set, falling back to 1 default profile: "default"
2026-03-17 08:56:32.353 [main] INFO  o.s.d.r.c.RepositoryConfigurationDelegate - Bootstrapping Spring Data R2DBC repositories in DEFAULT mode.
2026-03-17 08:56:32.407 [main] INFO  o.s.d.r.c.RepositoryConfigurationDelegate - Finished Spring Data repository scanning in 47 ms. Found 0 R2DBC repository interfaces.
2026-03-17 08:56:33.009 [main] INFO  o.s.boot.tomcat.TomcatWebServer - Tomcat initialized with port 8080 (http)
2026-03-17 08:56:33.028 [main] INFO  o.a.catalina.core.StandardService - Starting service [Tomcat]
2026-03-17 08:56:33.028 [main] INFO  o.a.catalina.core.StandardEngine - Starting Servlet engine: [Apache Tomcat/11.0.18]
2026-03-17 08:56:33.102 [main] INFO  o.s.b.w.c.s.WebApplicationContextInitializer - Root WebApplicationContext: initialization completed in 1460 ms
2026-03-17 08:56:33.509 [main] INFO  liquibase.database - Set default schema name to public
2026-03-17 08:56:33.792 [main] INFO  liquibase.changelog - Reading from public.databasechangelog
2026-03-17 08:56:33.894 [main] INFO  liquibase.ui - Database is up to date, no changesets to execute
2026-03-17 08:56:33.898 [main] INFO  liquibase.changelog - Reading from public.databasechangelog
2026-03-17 08:56:33.907 [main] INFO  liquibase.util - UPDATE SUMMARY
2026-03-17 08:56:33.907 [main] INFO  liquibase.util - Run:                          0
2026-03-17 08:56:33.907 [main] INFO  liquibase.util - Previously run:               6
2026-03-17 08:56:33.907 [main] INFO  liquibase.util - Filtered out:                 0
2026-03-17 08:56:33.907 [main] INFO  liquibase.util - -------------------------------
2026-03-17 08:56:33.907 [main] INFO  liquibase.util - Total change sets:            6
2026-03-17 08:56:33.908 [main] INFO  liquibase.util - Update summary generated
2026-03-17 08:56:33.909 [main] INFO  liquibase.command - Command execution complete
2026-03-17 08:56:35.776 [main] INFO  o.s.boot.tomcat.TomcatWebServer - Tomcat started on port 8080 (http) with context path '/'
2026-03-17 08:56:35.780 [main] INFO  com.nomad.NomadApplication - Started NomadApplication in 4.91 seconds (process running for 6.056)
2026-03-17 08:57:10.371 [SpringApplicationShutdownHook] INFO  o.s.boot.tomcat.GracefulShutdown - Commencing graceful shutdown. Waiting for active requests to complete
2026-03-17 08:57:10.386 [tomcat-shutdown] INFO  o.s.boot.tomcat.GracefulShutdown - Graceful shutdown complete
